#-----------------------------------------------------------
# Vivado v2021.1 (64-bit)
# SW Build 3247384 on Thu Jun 10 19:36:33 MDT 2021
# IP Build 3246043 on Fri Jun 11 00:30:35 MDT 2021
# Start of session at: Sat May 25 13:19:48 2024
# Process ID: 27700
# Current directory: C:/Users/karav/OneDrive/Υπολογιστής/vhdl_codes
# Command line: vivado.exe -gui_launcher_event rodinguilauncherevent19748 C:\Users\karav\OneDrive\Υπολογιστής\vhdl_codes\diagonisma_thema_ekto.xpr
# Log file: C:/Users/karav/OneDrive/Υπολογιστής/vhdl_codes/vivado.log
# Journal file: C:/Users/karav/OneDrive/Υπολογιστής/vhdl_codes\vivado.jou
#-----------------------------------------------------------
start_gui
open_project C:/Users/karav/OneDrive/Υπολογιστής/vhdl_codes/diagonisma_thema_ekto.xpr
INFO: [Project 1-313] Project file moved from 'C:/Users/karav/Downloads/diagonisma_thema_ekto' since last save.
WARNING: [filemgmt 56-2] Default IP Output Path : Could not find the directory 'C:/Users/karav/OneDrive/Υπολογιστής/vhdl_codes/diagonisma_thema_ekto.gen/sources_1', nor could it be found using path 'C:/Users/karav/Downloads/diagonisma_thema_ekto/diagonisma_thema_ekto.gen/sources_1'.
Scanning sources...
Finished scanning sources
INFO: [IP_Flow 19-234] Refreshing IP repositories
INFO: [IP_Flow 19-1704] No user IP repositories specified
INFO: [IP_Flow 19-2313] Loaded Vivado IP repository 'D:/Vivado/2021.1/data/ip'.
open_project: Time (s): cpu = 00:00:21 ; elapsed = 00:00:13 . Memory (MB): peak = 1117.289 ; gain = 0.000
update_compile_order -fileset sources_1
exit
INFO: [Common 17-206] Exiting Vivado at Sat May 25 13:24:39 2024...
